10-10-2020, 12:17 ::1 studentController actionlogin  Nummer=0
10-10-2020, 12:21 ::1 studentController actionlogin  Nummer=0
10-10-2020, 12:23 ::1 studentController actionlogin  Nummer=0
10-10-2020, 12:24 ::1 studentController actionlogin  Nummer=0
10-10-2020, 12:25 ::1 studentController actionlogin  Nummer=0
10-10-2020, 12:25 ::1 studentController actionlogin  Nummer=0
10-10-2020, 12:25 ::1 studentController actionlogin  Nummer=0
10-10-2020, 12:29 ::1 studentController actionlogin  Nummer:0 id:0
10-10-2020, 12:29 ::1 studentController actionlogin  Nummer:0 id:0
10-10-2020, 12:31 ::1 studentController actionlogin  Nummer:0 id:
10-10-2020, 12:31 ::1 studentController actionlogin  Nummer:0 id:9
10-10-2020, 12:32 ::1 studentController actionlogin  Nummer:0 cookie:9
10-10-2020, 12:32 ::1 studentController actionlogin  Nummer:0 cookie:
10-10-2020, 12:32 ::1 studentController actionlogin  Nummer:0 cookie:6
10-10-2020, 12:40 ::1 studentController actionlogin  Nummer:0 cookie:3
10-10-2020, 12:42 ::1 studentController actionlogin  Nummer:0 cookie:2
10-10-2020, 12:52 ::1 studentController actionlogin  Nummer:0 cookie:2
10-10-2020, 14:09 ::1 studentController actionlogin  Nummer:0 cookie:7
10-10-2020, 14:09 ::1 studentController actionlogin  Nummer:0 cookie:7
10-10-2020, 14:21 ::1 studentController actionlogin  Nummer:0 cookie:7
10-10-2020, 14:24 ::1 studentController actionlogin  Nummer:0 cookie:7
10-10-2020, 14:24 ::1 studentController actionlogin  Nummer:0 cookie:7
10-10-2020, 14:24 ::1 studentController actionlogin  Nummer:0 cookie:
10-10-2020, 14:24 ::1 studentController actionlogin  Nummer:0 cookie:
10-10-2020, 14:24 ::1 studentController actionlogin  Nummer:0 cookie:
10-10-2020, 14:25 ::1 studentController actionlogin  Nummer:0 cookie:
10-10-2020, 14:25 ::1 studentController actionlogin  Nummer:0 cookie:
10-10-2020, 14:26 ::1 studentController actionlogin  Nummer:0 cookie:
10-10-2020, 14:26 ::1 studentController actionlogin  Nummer:0 cookie:6
10-10-2020, 14:27 ::1 studentController actionlogin  Nummer:0 cookie:
10-10-2020, 14:28 ::1 studentController actionlogin  Nummer:0 cookie:
10-10-2020, 14:29 ::1 studentController actionlogin  Nummer:0 cookie:
10-10-2020, 14:29 ::1 studentController actionlogin  Nummer:0 cookie:
10-10-2020, 14:30 ::1 studentController actionlogin  Nummer:0 cookie:
10-10-2020, 14:30 ::1 studentController actionlogin  Nummer:0 cookie:
10-10-2020, 14:31 ::1 studentController actionlogin  Nummer:0 cookie:21
10-10-2020, 14:31 ::1 studentController actionlogin  Nummer:0 cookie:21
10-10-2020, 14:31 ::1 studentController actionlogin  Nummer:0 cookie:21
10-10-2020, 14:31 ::1 studentController actionlogin  Nummer:0 cookie:21
10-10-2020, 14:31 ::1 studentController actionlogin  Nummer:0 cookie:21
10-10-2020, 14:32 ::1 studentController actionlogin  Nummer:0 cookie:21
10-10-2020, 14:32 ::1 studentController actionlogin  Nummer:0 cookie:21
10-10-2020, 14:32 ::1 studentController actionlogin  Nummer:0 cookie:21
10-10-2020, 14:32 ::1 studentController actionlogin  Nummer:0 cookie:21
10-10-2020, 14:34 ::1 studentController actionlogin  Nummer:0 cookie:21
10-10-2020, 14:34 ::1 studentController actionlogin  Nummer:0 cookie:21
10-10-2020, 14:34 ::1 studentController actionlogin  Nummer:0 cookie:
10-10-2020, 14:35 ::1 studentController actionlogin  Nummer:0 cookie:21
10-10-2020, 14:44 ::1 studentController actionlogin  Nummer:0 cookie:
10-10-2020, 14:48 ::1 studentController actionlogin  Nummer:0 cookie:
10-10-2020, 14:48 ::1 studentController actionlogin  Nummer:0 cookie:6
10-10-2020, 14:51 ::1 studentController actionlogin  Nummer:0 cookie:6
10-10-2020, 14:52 ::1 studentController actionlogin  Nummer:0 cookie:
10-10-2020, 15:32 ::1 studentController actionlogin  Nummer:0 cookie:
10-10-2020, 15:33 ::1 studentController actionlogin  Nummer:0 cookie:
10-10-2020, 15:36 ::1 studentController actionlogin  Nummer:0 cookie:
10-10-2020, 15:42 ::1 studentController actionlogin  Nummer:0 cookie:
10-10-2020, 15:44 ::1 studentController actionlogin  Nummer:0 cookie:
10-10-2020, 15:45 ::1 studentController actionlogin  Nummer:0 cookie:16
10-10-2020, 15:57 ::1 studentController actionlogin  Nummer:0 cookie:
10-10-2020, 16:08 ::1 gesprekController actionupdate-status Hoera
10-10-2020, 16:09 ::1 gesprekController actionupdate-status Hoera
10-10-2020, 16:12 ::1 studentController actionlogin  Nummer:0 cookie:
10-10-2020, 17:16 ::1 beoordelingController actionformpost Beoordeling 1 45 2 {"studentid":"1","formid":"2","rolspelerid":"3","answers":["1","1"],"points":["4","4"],"totaalscore":8}
10-10-2020, 17:20 ::1 beoordelingController actionformpost Beoordeling 2 46 2 {"studentid":"2","formid":"2","rolspelerid":"3","answers":["3","3"],"points":["0","0"],"totaalscore":0}
10-10-2020, 17:21 ::1 beoordelingController actionformpost Beoordeling 1 45 2 {"studentid":"1","formid":"2","rolspelerid":"3","answers":["1","1"],"points":["4","4"],"totaalscore":8}
10-10-2020, 17:38 ::1 studentController actionlogin  Nummer:0 cookie:
10-10-2020, 17:43 ::1 studentController actionlogin  Nummer:0 cookie:
10-10-2020, 20:34 ::1 studentController actionlogin  Nummer:0 cookie:
10-10-2020, 20:38 ::1 studentController actionlogin  Nummer:0 cookie:
10-10-2020, 20:38 ::1 studentController actionlogin  Nummer:0 cookie:
10-10-2020, 20:41 ::1 studentController actionlogin  Nummer:0 cookie:
10-10-2020, 20:42 ::1 studentController actionlogin  Nummer:0 cookie:
10-10-2020, 20:51 ::1 studentController actionlogin  Nummer:0 cookie:
10-10-2020, 20:52 ::1 studentController actionlogin  Nummer:0 cookie:
10-10-2020, 20:52 ::1 studentController actionlogin  Nummer:0 cookie:
10-10-2020, 20:53 ::1 studentController actionlogin  Nummer:0 cookie:
10-10-2020, 20:54 ::1 studentController actionlogin  Nummer:0 cookie:
10-10-2020, 20:54 ::1 studentController actionlogin  Nummer:0 cookie:
10-10-2020, 20:55 ::1 studentController actionlogin  Nummer:0 cookie:
10-10-2020, 20:58 ::1 studentController actionlogin  Nummer:0 cookie:
10-10-2020, 21:03 ::1 beoordelingController actionformpost Beoordeling 1 45 2 {"studentid":"1","formid":"2","rolspelerid":"3","answers":["1","1"],"points":["4","4"],"totaalscore":8}
10-10-2020, 21:07 ::1 studentController actionlogin  Nummer:0 cookie:
10-10-2020, 21:09 ::1 studentController actionlogin  Nummer:0 cookie:
10-10-2020, 21:10 ::1 studentController actionlogin  Nummer:0 cookie:
10-10-2020, 21:11 ::1 studentController actionlogin  Nummer:0 cookie:
10-10-2020, 21:11 ::1 studentController actionlogin  Nummer:0 cookie:
10-10-2020, 21:58 ::1 studentController actionlogin  Nummer:0 cookie:
10-10-2020, 22:11 ::1 studentController actionlogin  Nummer:0 cookie:
10-10-2020, 22:12 ::1 studentController actionlogin  Nummer:0 cookie:
